INFO:WDM:

INFO:WDM:====== WebDriver manager ======
INFO:WDM:Current google-chrome version is 98.0.4758
INFO:WDM:Get LATEST chromedriver version for 98.0.4758 google-chrome
INFO:WDM:Driver [/Users/ezracitron/.wdm/drivers/chromedriver/mac64/98.0.4758.80/chromedriver] found in cache
ERROR:root:Message: no such element: Unable to locate element: {"method":"xpath","selector":"//*[@id="om-vwxzgy4xhurijhsolzhf-optin"]/div/button"}
  (Session info: chrome=98.0.4758.80)
Stacktrace:
0   chromedriver                        0x0000000107e6b3c9 chromedriver + 5018569
1   chromedriver                        0x0000000107df6333 chromedriver + 4539187
2   chromedriver                        0x00000001079cba88 chromedriver + 170632
3   chromedriver                        0x0000000107a00332 chromedriver + 385842
4   chromedriver                        0x0000000107a004f1 chromedriver + 386289
5   chromedriver                        0x0000000107a328b4 chromedriver + 592052
6   chromedriver                        0x0000000107a1d80d chromedriver + 505869
7   chromedriver                        0x0000000107a30604 chromedriver + 583172
8   chromedriver                        0x0000000107a1d6d3 chromedriver + 505555
9   chromedriver                        0x00000001079f395e chromedriver + 334174
10  chromedriver                        0x00000001079f4935 chromedriver + 338229
11  chromedriver                        0x0000000107e271ee chromedriver + 4739566
12  chromedriver                        0x0000000107e40f51 chromedriver + 4845393
13  chromedriver                        0x0000000107e46928 chromedriver + 4868392
14  chromedriver                        0x0000000107e41a7a chromedriver + 4848250
15  chromedriver                        0x0000000107e1bc31 chromedriver + 4693041
16  chromedriver                        0x0000000107e5c978 chromedriver + 4958584
17  chromedriver                        0x0000000107e5cb01 chromedriver + 4958977
18  chromedriver                        0x0000000107e72795 chromedriver + 5048213
19  libsystem_pthread.dylib             0x00007ff8052c64f4 _pthread_start + 125
20  libsystem_pthread.dylib             0x00007ff8052c200f thread_start + 15

